app/build/intermediates/manifest_merge_blame_file/release/manifest-merger-blame-release-report.txt
1<?xml version="1.0" encoding="utf-8"?>
2<manifest xmlns:android="http://schemas.android.com/apk/res/android"
3    package="com.theflopguyproductions.ticktrack"
4    android:versionCode="15"
5    android:versionName="2.2.0.6" >
6
7    <uses-sdk
8        android:minSdkVersion="21"
8-->src\main\AndroidManifest.xml
9        android:targetSdkVersion="33" />
9-->src\main\AndroidManifest.xml
10
11    <uses-permission android:name="android.permission.SCHEDULE_EXACT_ALARM" />
11-->src\main\AndroidManifest.xml:4:5-79
11-->src\main\AndroidManifest.xml:4:22-76
12    <uses-permission android:name="android.permission.VIBRATE" />
12-->src\main\AndroidManifest.xml:5:5-66
12-->src\main\AndroidManifest.xml:5:22-63
13    <uses-permission android:name="android.permission.RECEIVE_BOOT_COMPLETED" />
13-->src\main\AndroidManifest.xml:6:5-81
13-->src\main\AndroidManifest.xml:6:22-78
14    <uses-permission android:name="android.permission.WAKE_LOCK" />
14-->src\main\AndroidManifest.xml:7:5-68
14-->src\main\AndroidManifest.xml:7:22-65
15    <uses-permission android:name="android.permission.DISABLE_KEYGUARD" />
15-->src\main\AndroidManifest.xml:8:5-75
15-->src\main\AndroidManifest.xml:8:22-72
16    <uses-permission android:name="android.permission.FOREGROUND_SERVICE" />
16-->src\main\AndroidManifest.xml:9:5-77
16-->src\main\AndroidManifest.xml:9:22-74
17    <uses-permission android:name="android.permission.GET_ACCOUNTS" />
17-->src\main\AndroidManifest.xml:10:5-71
17-->src\main\AndroidManifest.xml:10:22-68
18    <uses-permission android:name="android.permission.MANAGE_ACCOUNTS" />
18-->src\main\AndroidManifest.xml:11:5-74
18-->src\main\AndroidManifest.xml:11:22-71
19    <uses-permission android:name="android.permission.INTERNET" />
19-->src\main\AndroidManifest.xml:12:5-67
19-->src\main\AndroidManifest.xml:12:22-64
20    <uses-permission android:name="android.permission.ACCESS_NETWORK_STATE" />
20-->src\main\AndroidManifest.xml:13:5-79
20-->src\main\AndroidManifest.xml:13:22-76
21    <uses-permission android:name="com.android.launcher.permission.INSTALL_SHORTCUT" />
21-->src\main\AndroidManifest.xml:14:5-88
21-->src\main\AndroidManifest.xml:14:22-85
22    <uses-permission android:name="android.permission.USE_FULL_SCREEN_INTENT" />
22-->src\main\AndroidManifest.xml:15:5-81
22-->src\main\AndroidManifest.xml:15:22-78
23    <uses-permission android:name="android.permission.READ_EXTERNAL_STORAGE" />
23-->src\main\AndroidManifest.xml:16:5-80
23-->src\main\AndroidManifest.xml:16:22-77
24    <uses-permission android:name="com.google.android.c2dm.permission.RECEIVE" />
24-->src\main\AndroidManifest.xml:17:5-82
24-->src\main\AndroidManifest.xml:17:22-79
25    <uses-permission android:name="android.permission.POST_NOTIFICATIONS" />
25-->[com.google.firebase:firebase-messaging:23.1.1] AndroidManifest.xml:25:5-77
25-->[com.google.firebase:firebase-messaging:23.1.1] AndroidManifest.xml:25:22-74
26    <uses-permission android:name="com.google.android.finsky.permission.BIND_GET_INSTALL_REFERRER_SERVICE" />
26-->[com.google.android.gms:play-services-measurement:21.2.0] AndroidManifest.xml:26:5-110
26-->[com.google.android.gms:play-services-measurement:21.2.0] AndroidManifest.xml:26:22-107
27    <uses-permission android:name="com.google.android.gms.permission.AD_ID" />
27-->[com.google.android.gms:play-services-measurement-api:21.2.0] AndroidManifest.xml:25:5-79
27-->[com.google.android.gms:play-services-measurement-api:21.2.0] AndroidManifest.xml:25:22-76
28
29    <permission
29-->[androidx.core:core:1.9.0] AndroidManifest.xml:22:5-24:47
30        android:name="com.theflopguyproductions.ticktrack.DYNAMIC_RECEIVER_NOT_EXPORTED_PERMISSION"
30-->[androidx.core:core:1.9.0] AndroidManifest.xml:23:9-81
31        android:protectionLevel="signature" />
31-->[androidx.core:core:1.9.0] AndroidManifest.xml:24:9-44
32
33    <uses-permission android:name="com.theflopguyproductions.ticktrack.DYNAMIC_RECEIVER_NOT_EXPORTED_PERMISSION" />
33-->[androidx.core:core:1.9.0] AndroidManifest.xml:26:5-97
33-->[androidx.core:core:1.9.0] AndroidManifest.xml:26:22-94
34
35    <application
35-->src\main\AndroidManifest.xml:19:5-308:19
36        android:name="com.theflopguyproductions.ticktrack.application.TickTrack"
36-->src\main\AndroidManifest.xml:20:9-46
37        android:allowBackup="true"
37-->src\main\AndroidManifest.xml:21:9-35
38        android:appComponentFactory="androidx.core.app.CoreComponentFactory"
38-->[androidx.core:core:1.9.0] AndroidManifest.xml:28:18-86
39        android:icon="@mipmap/ic_launcher"
39-->src\main\AndroidManifest.xml:22:9-43
40        android:label="@string/app_name"
40-->src\main\AndroidManifest.xml:23:9-41
41        android:roundIcon="@mipmap/ic_launcher_round"
41-->src\main\AndroidManifest.xml:24:9-54
42        android:supportsRtl="true"
42-->src\main\AndroidManifest.xml:25:9-35
43        android:theme="@style/DarkTheme" >
43-->src\main\AndroidManifest.xml:26:9-41
44        <receiver
44-->src\main\AndroidManifest.xml:27:9-34:20
45            android:name="com.theflopguyproductions.ticktrack.receivers.CounterMilestoneReceiver"
45-->src\main\AndroidManifest.xml:28:13-63
46            android:enabled="true"
46-->src\main\AndroidManifest.xml:29:13-35
47            android:exported="true" >
47-->src\main\AndroidManifest.xml:30:13-36
48            <intent-filter>
48-->src\main\AndroidManifest.xml:31:13-33:29
49                <action android:name="ACTION_COUNTER_MILESTONE_REMINDER" />
49-->src\main\AndroidManifest.xml:32:17-76
49-->src\main\AndroidManifest.xml:32:25-73
50            </intent-filter>
51        </receiver>
52
53        <service
53-->src\main\AndroidManifest.xml:36:9-42:19
54            android:name="com.theflopguyproductions.ticktrack.service.CloudNotificationService"
54-->src\main\AndroidManifest.xml:37:13-61
55            android:exported="false" >
55-->src\main\AndroidManifest.xml:38:13-37
56            <intent-filter>
56-->src\main\AndroidManifest.xml:39:13-41:29
57                <action android:name="com.google.firebase.MESSAGING_EVENT" />
57-->src\main\AndroidManifest.xml:40:17-78
57-->src\main\AndroidManifest.xml:40:25-75
58            </intent-filter>
59        </service>
60
61        <meta-data
61-->src\main\AndroidManifest.xml:44:9-46:85
62            android:name="com.google.firebase.messaging.default_notification_icon"
62-->src\main\AndroidManifest.xml:45:13-83
63            android:resource="@drawable/ic_stat_ticktrack_logo_notification_icon" />
63-->src\main\AndroidManifest.xml:46:13-82
64        <meta-data
64-->src\main\AndroidManifest.xml:47:9-49:48
65            android:name="com.google.firebase.messaging.default_notification_color"
65-->src\main\AndroidManifest.xml:48:13-84
66            android:resource="@color/Accent" />
66-->src\main\AndroidManifest.xml:49:13-45
67        <meta-data
67-->src\main\AndroidManifest.xml:50:9-52:58
68            android:name="com.google.firebase.messaging.default_notification_channel_id"
68-->src\main\AndroidManifest.xml:51:13-89
69            android:value="@string/TICK_TRACK_GENERAL" />
69-->src\main\AndroidManifest.xml:52:13-55
70
71        <activity
71-->src\main\AndroidManifest.xml:54:9-56:52
72            android:name="com.theflopguyproductions.ticktrack.about.AboutActivity"
72-->src\main\AndroidManifest.xml:55:13-48
73            android:screenOrientation="portrait" />
73-->src\main\AndroidManifest.xml:56:13-49
74
75        <receiver
75-->src\main\AndroidManifest.xml:58:9-69:20
76            android:name="com.theflopguyproductions.ticktrack.widgets.shortcuts.StopwatchWidget"
76-->src\main\AndroidManifest.xml:59:13-62
77            android:exported="true"
77-->src\main\AndroidManifest.xml:61:13-36
78            android:label="Stopwatch" >
78-->src\main\AndroidManifest.xml:60:13-38
79            <intent-filter>
79-->src\main\AndroidManifest.xml:62:13-64:29
80                <action android:name="android.appwidget.action.APPWIDGET_UPDATE" />
80-->src\main\AndroidManifest.xml:63:17-84
80-->src\main\AndroidManifest.xml:63:25-81
81            </intent-filter>
82
83            <meta-data
83-->src\main\AndroidManifest.xml:66:13-68:65
84                android:name="android.appwidget.provider"
84-->src\main\AndroidManifest.xml:67:17-58
85                android:resource="@xml/stopwatch_widget_info" />
85-->src\main\AndroidManifest.xml:68:17-62
86        </receiver>
87        <receiver
87-->src\main\AndroidManifest.xml:70:9-81:20
88            android:name="com.theflopguyproductions.ticktrack.widgets.shortcuts.QuickTimerWidget"
88-->src\main\AndroidManifest.xml:71:13-63
89            android:exported="true"
89-->src\main\AndroidManifest.xml:73:13-36
90            android:label="QuickTimer" >
90-->src\main\AndroidManifest.xml:72:13-39
91            <intent-filter>
91-->src\main\AndroidManifest.xml:62:13-64:29
92                <action android:name="android.appwidget.action.APPWIDGET_UPDATE" />
92-->src\main\AndroidManifest.xml:63:17-84
92-->src\main\AndroidManifest.xml:63:25-81
93            </intent-filter>
94
95            <meta-data
95-->src\main\AndroidManifest.xml:66:13-68:65
96                android:name="android.appwidget.provider"
96-->src\main\AndroidManifest.xml:67:17-58
97                android:resource="@xml/quick_timer_widget_info" />
97-->src\main\AndroidManifest.xml:68:17-62
98        </receiver>
99        <receiver
99-->src\main\AndroidManifest.xml:82:9-93:20
100            android:name="com.theflopguyproductions.ticktrack.widgets.shortcuts.ScreensaverWidget"
100-->src\main\AndroidManifest.xml:83:13-64
101            android:exported="true"
101-->src\main\AndroidManifest.xml:85:13-36
102            android:label="Screensaver" >
102-->src\main\AndroidManifest.xml:84:13-40
103            <intent-filter>
103-->src\main\AndroidManifest.xml:62:13-64:29
104                <action android:name="android.appwidget.action.APPWIDGET_UPDATE" />
104-->src\main\AndroidManifest.xml:63:17-84
104-->src\main\AndroidManifest.xml:63:25-81
105            </intent-filter>
106
107            <meta-data
107-->src\main\AndroidManifest.xml:66:13-68:65
108                android:name="android.appwidget.provider"
108-->src\main\AndroidManifest.xml:67:17-58
109                android:resource="@xml/screensaver_widget_info" />
109-->src\main\AndroidManifest.xml:68:17-62
110        </receiver>
111        <receiver
111-->src\main\AndroidManifest.xml:94:9-105:20
112            android:name="com.theflopguyproductions.ticktrack.widgets.shortcuts.CreateTimerWidget"
112-->src\main\AndroidManifest.xml:95:13-64
113            android:exported="true"
113-->src\main\AndroidManifest.xml:97:13-36
114            android:label="Timer" >
114-->src\main\AndroidManifest.xml:96:13-34
115            <intent-filter>
115-->src\main\AndroidManifest.xml:62:13-64:29
116                <action android:name="android.appwidget.action.APPWIDGET_UPDATE" />
116-->src\main\AndroidManifest.xml:63:17-84
116-->src\main\AndroidManifest.xml:63:25-81
117            </intent-filter>
118
119            <meta-data
119-->src\main\AndroidManifest.xml:66:13-68:65
120                android:name="android.appwidget.provider"
120-->src\main\AndroidManifest.xml:67:17-58
121                android:resource="@xml/create_timer_widget_info" />
121-->src\main\AndroidManifest.xml:68:17-62
122        </receiver>
123
124        <activity android:name="com.theflopguyproductions.ticktrack.widgets.shortcuts.panel.ShortcutsPanelConfigActivity" />
124-->src\main\AndroidManifest.xml:107:9-90
124-->src\main\AndroidManifest.xml:107:19-87
125
126        <receiver
126-->src\main\AndroidManifest.xml:109:9-120:20
127            android:name="com.theflopguyproductions.ticktrack.widgets.shortcuts.panel.ShortcutsPanelWidget"
127-->src\main\AndroidManifest.xml:110:13-73
128            android:exported="true"
128-->src\main\AndroidManifest.xml:112:13-36
129            android:label="Shortuts Console" >
129-->src\main\AndroidManifest.xml:111:13-45
130            <intent-filter>
130-->src\main\AndroidManifest.xml:62:13-64:29
131                <action android:name="android.appwidget.action.APPWIDGET_UPDATE" />
131-->src\main\AndroidManifest.xml:63:17-84
131-->src\main\AndroidManifest.xml:63:25-81
132            </intent-filter>
133
134            <meta-data
134-->src\main\AndroidManifest.xml:66:13-68:65
135                android:name="android.appwidget.provider"
135-->src\main\AndroidManifest.xml:67:17-58
136                android:resource="@xml/shortcuts_panel_widget_info" />
136-->src\main\AndroidManifest.xml:68:17-62
137        </receiver>
138
139        <activity
139-->src\main\AndroidManifest.xml:122:9-125:39
140            android:name="com.theflopguyproductions.ticktrack.widgets.clock.ClockWidgetConfigActivity"
140-->src\main\AndroidManifest.xml:123:13-68
141            android:launchMode="singleTask"
141-->src\main\AndroidManifest.xml:124:13-44
142            android:taskAffinity="" />
142-->src\main\AndroidManifest.xml:125:13-36
143
144        <receiver
144-->src\main\AndroidManifest.xml:127:9-138:20
145            android:name="com.theflopguyproductions.ticktrack.widgets.clock.TickTrackClockWidget"
145-->src\main\AndroidManifest.xml:128:13-63
146            android:exported="true"
146-->src\main\AndroidManifest.xml:130:13-36
147            android:label="Clock" >
147-->src\main\AndroidManifest.xml:129:13-34
148            <intent-filter>
148-->src\main\AndroidManifest.xml:62:13-64:29
149                <action android:name="android.appwidget.action.APPWIDGET_UPDATE" />
149-->src\main\AndroidManifest.xml:63:17-84
149-->src\main\AndroidManifest.xml:63:25-81
150            </intent-filter>
151
152            <meta-data
152-->src\main\AndroidManifest.xml:66:13-68:65
153                android:name="android.appwidget.provider"
153-->src\main\AndroidManifest.xml:67:17-58
154                android:resource="@xml/tick_track_clock_widget_info" />
154-->src\main\AndroidManifest.xml:68:17-62
155        </receiver>
156
157        <activity
157-->src\main\AndroidManifest.xml:140:9-144:39
158            android:name="com.theflopguyproductions.ticktrack.widgets.counter.CounterWidgetConfigActivity"
158-->src\main\AndroidManifest.xml:141:13-72
159            android:launchMode="singleTask"
159-->src\main\AndroidManifest.xml:142:13-44
160            android:screenOrientation="portrait"
160-->src\main\AndroidManifest.xml:143:13-49
161            android:taskAffinity="" />
161-->src\main\AndroidManifest.xml:144:13-36
162
163        <receiver
163-->src\main\AndroidManifest.xml:146:9-159:20
164            android:name="com.theflopguyproductions.ticktrack.widgets.counter.CounterWidget"
164-->src\main\AndroidManifest.xml:147:13-58
165            android:exported="true"
165-->src\main\AndroidManifest.xml:149:13-36
166            android:label="Counter" >
166-->src\main\AndroidManifest.xml:148:13-36
167            <intent-filter>
167-->src\main\AndroidManifest.xml:150:13-154:29
168                <action android:name="android.appwidget.action.APPWIDGET_UPDATE" />
168-->src\main\AndroidManifest.xml:63:17-84
168-->src\main\AndroidManifest.xml:63:25-81
169                <action android:name="ACTION_WIDGET_CLICK_PLUS" />
169-->src\main\AndroidManifest.xml:152:17-67
169-->src\main\AndroidManifest.xml:152:25-64
170                <action android:name="ACTION_WIDGET_CLICK_MINUS" />
170-->src\main\AndroidManifest.xml:153:17-68
170-->src\main\AndroidManifest.xml:153:25-65
171            </intent-filter>
172
173            <meta-data
173-->src\main\AndroidManifest.xml:66:13-68:65
174                android:name="android.appwidget.provider"
174-->src\main\AndroidManifest.xml:67:17-58
175                android:resource="@xml/counter_widget_info" />
175-->src\main\AndroidManifest.xml:68:17-62
176        </receiver>
177
178        <activity
178-->src\main\AndroidManifest.xml:161:9-168:39
179            android:name="com.theflopguyproductions.ticktrack.screensaver.ScreensaverActivity"
179-->src\main\AndroidManifest.xml:162:13-60
180            android:configChanges="orientation|keyboardHidden|screenSize"
180-->src\main\AndroidManifest.xml:163:13-74
181            android:excludeFromRecents="true"
181-->src\main\AndroidManifest.xml:164:13-46
182            android:label="@string/title_activity_screensaver"
182-->src\main\AndroidManifest.xml:165:13-63
183            android:launchMode="singleTask"
183-->src\main\AndroidManifest.xml:166:13-44
184            android:screenOrientation="portrait"
184-->src\main\AndroidManifest.xml:167:13-49
185            android:taskAffinity="" />
185-->src\main\AndroidManifest.xml:168:13-36
186
187        <receiver
187-->src\main\AndroidManifest.xml:170:9-176:20
188            android:name="com.theflopguyproductions.ticktrack.receivers.BackupScheduleReceiver"
188-->src\main\AndroidManifest.xml:171:13-61
189            android:exported="true" >
189-->src\main\AndroidManifest.xml:172:13-36
190            <intent-filter>
190-->src\main\AndroidManifest.xml:173:13-175:29
191                <action android:name="com.theflopguyproductions.ticktrack.START_BACKUP_SCHEDULE" />
191-->src\main\AndroidManifest.xml:174:17-100
191-->src\main\AndroidManifest.xml:174:25-97
192            </intent-filter>
193        </receiver>
194
195        <service
195-->src\main\AndroidManifest.xml:178:9-181:40
196            android:name="com.theflopguyproductions.ticktrack.service.BackupRestoreService"
196-->src\main\AndroidManifest.xml:179:13-57
197            android:enabled="true"
197-->src\main\AndroidManifest.xml:180:13-35
198            android:exported="false" />
198-->src\main\AndroidManifest.xml:181:13-37
199
200        <activity android:name="com.theflopguyproductions.ticktrack.accounts.SwitchAccountActivity" />
200-->src\main\AndroidManifest.xml:183:9-68
200-->src\main\AndroidManifest.xml:183:19-65
201
202        <receiver
202-->src\main\AndroidManifest.xml:185:9-194:20
203            android:name="com.theflopguyproductions.ticktrack.receivers.TimeChangeReceiver"
203-->src\main\AndroidManifest.xml:186:13-57
204            android:directBootAware="true"
204-->src\main\AndroidManifest.xml:187:13-43
205            android:enabled="true"
205-->src\main\AndroidManifest.xml:188:13-35
206            android:exported="true" >
206-->src\main\AndroidManifest.xml:189:13-36
207            <intent-filter android:priority="999" >
207-->src\main\AndroidManifest.xml:190:13-193:29
207-->src\main\AndroidManifest.xml:190:28-50
208                <action android:name="android.intent.action.TIME_SET" />
208-->src\main\AndroidManifest.xml:191:17-73
208-->src\main\AndroidManifest.xml:191:25-70
209                <action android:name="android.intent.action.TIMEZONE_CHANGED" />
209-->src\main\AndroidManifest.xml:192:17-81
209-->src\main\AndroidManifest.xml:192:25-78
210            </intent-filter>
211        </receiver>
212        <receiver
212-->src\main\AndroidManifest.xml:195:9-208:20
213            android:name="com.theflopguyproductions.ticktrack.receivers.BootReceiver"
213-->src\main\AndroidManifest.xml:196:13-51
214            android:directBootAware="true"
214-->src\main\AndroidManifest.xml:197:13-43
215            android:enabled="true"
215-->src\main\AndroidManifest.xml:198:13-35
216            android:exported="true"
216-->src\main\AndroidManifest.xml:199:13-36
217            android:permission="android.permission.RECEIVE_BOOT_COMPLETED" >
217-->src\main\AndroidManifest.xml:200:13-75
218            <intent-filter android:priority="999" >
218-->src\main\AndroidManifest.xml:201:13-207:29
218-->src\main\AndroidManifest.xml:201:28-50
219                <action android:name="android.intent.action.BOOT_COMPLETED" />
219-->src\main\AndroidManifest.xml:202:17-79
219-->src\main\AndroidManifest.xml:202:25-76
220                <action android:name="android.intent.action.QUICKBOOT_POWERON" />
220-->src\main\AndroidManifest.xml:203:17-82
220-->src\main\AndroidManifest.xml:203:25-79
221                <action android:name="android.intent.action.REBOOT" />
221-->src\main\AndroidManifest.xml:204:17-71
221-->src\main\AndroidManifest.xml:204:25-68
222                <action android:name="android.intent.action.LOCKED_BOOT_COMPLETED" />
222-->src\main\AndroidManifest.xml:205:17-86
222-->src\main\AndroidManifest.xml:205:25-83
223                <action android:name="com.htc.intent.action.QUICKBOOT_POWERON" />
223-->src\main\AndroidManifest.xml:206:17-82
223-->src\main\AndroidManifest.xml:206:25-79
224            </intent-filter>
225        </receiver>
226
227        <service
227-->src\main\AndroidManifest.xml:210:9-213:40
228            android:name="com.theflopguyproductions.ticktrack.startup.service.OptimiserService"
228-->src\main\AndroidManifest.xml:211:13-61
229            android:enabled="true"
229-->src\main\AndroidManifest.xml:212:13-35
230            android:exported="false" />
230-->src\main\AndroidManifest.xml:213:13-37
231
232        <receiver
232-->src\main\AndroidManifest.xml:215:9-222:20
233            android:name="com.theflopguyproductions.ticktrack.startup.service.BatteryOptimiseReceiver"
233-->src\main\AndroidManifest.xml:216:13-68
234            android:enabled="true"
234-->src\main\AndroidManifest.xml:217:13-35
235            android:exported="true" >
235-->src\main\AndroidManifest.xml:218:13-36
236            <intent-filter>
236-->src\main\AndroidManifest.xml:219:13-221:29
237                <action android:name="ACTION_OPTIMISING_DONE_CHECK" />
237-->src\main\AndroidManifest.xml:220:17-71
237-->src\main\AndroidManifest.xml:220:25-68
238            </intent-filter>
239        </receiver>
240
241        <activity
241-->src\main\AndroidManifest.xml:224:9-227:52
242            android:name="com.theflopguyproductions.ticktrack.startup.StartUpActivity"
242-->src\main\AndroidManifest.xml:225:13-52
243            android:noHistory="true"
243-->src\main\AndroidManifest.xml:226:13-37
244            android:screenOrientation="portrait" />
244-->src\main\AndroidManifest.xml:227:13-49
245        <activity
245-->src\main\AndroidManifest.xml:228:9-238:54
246            android:name="com.theflopguyproductions.ticktrack.timer.ringer.TimerRingerActivity"
246-->src\main\AndroidManifest.xml:229:13-61
247            android:configChanges="orientation|keyboardHidden|screenSize"
247-->src\main\AndroidManifest.xml:230:13-74
248            android:directBootAware="true"
248-->src\main\AndroidManifest.xml:231:13-43
249            android:excludeFromRecents="true"
249-->src\main\AndroidManifest.xml:232:13-46
250            android:label="TickTrackTimer"
250-->src\main\AndroidManifest.xml:233:13-43
251            android:launchMode="singleTask"
251-->src\main\AndroidManifest.xml:234:13-44
252            android:showOnLockScreen="true"
252-->src\main\AndroidManifest.xml:235:13-44
253            android:showWhenLocked="true"
253-->src\main\AndroidManifest.xml:236:13-42
254            android:taskAffinity=""
254-->src\main\AndroidManifest.xml:237:13-36
255            android:theme="@style/FullscreenTheme" />
255-->src\main\AndroidManifest.xml:238:13-51
256
257        <service
257-->src\main\AndroidManifest.xml:240:9-244:40
258            android:name="com.theflopguyproductions.ticktrack.timer.service.TimerService"
258-->src\main\AndroidManifest.xml:241:13-55
259            android:directBootAware="true"
259-->src\main\AndroidManifest.xml:242:13-43
260            android:enabled="true"
260-->src\main\AndroidManifest.xml:243:13-35
261            android:exported="false" />
261-->src\main\AndroidManifest.xml:244:13-37
262        <service
262-->src\main\AndroidManifest.xml:245:9-249:40
263            android:name="com.theflopguyproductions.ticktrack.timer.service.TimerRingService"
263-->src\main\AndroidManifest.xml:246:13-59
264            android:directBootAware="true"
264-->src\main\AndroidManifest.xml:247:13-43
265            android:enabled="true"
265-->src\main\AndroidManifest.xml:248:13-35
266            android:exported="false" />
266-->src\main\AndroidManifest.xml:249:13-37
267        <service
267-->src\main\AndroidManifest.xml:250:9-254:40
268            android:name="com.theflopguyproductions.ticktrack.stopwatch.service.StopwatchNotificationService"
268-->src\main\AndroidManifest.xml:251:13-75
269            android:directBootAware="true"
269-->src\main\AndroidManifest.xml:252:13-43
270            android:enabled="true"
270-->src\main\AndroidManifest.xml:253:13-35
271            android:exported="false" />
271-->src\main\AndroidManifest.xml:254:13-37
272
273        <activity
273-->src\main\AndroidManifest.xml:256:9-258:52
274            android:name="com.theflopguyproductions.ticktrack.timer.activity.TimerActivity"
274-->src\main\AndroidManifest.xml:257:13-57
275            android:screenOrientation="portrait" />
275-->src\main\AndroidManifest.xml:258:13-49
276        <activity
276-->src\main\AndroidManifest.xml:259:9-261:52
277            android:name="com.theflopguyproductions.ticktrack.counter.activity.CounterEditActivity"
277-->src\main\AndroidManifest.xml:260:13-65
278            android:screenOrientation="portrait" />
278-->src\main\AndroidManifest.xml:261:13-49
279        <activity
279-->src\main\AndroidManifest.xml:262:9-265:52
280            android:name="com.theflopguyproductions.ticktrack.counter.activity.CounterActivity"
280-->src\main\AndroidManifest.xml:263:13-61
281            android:parentActivityName="com.theflopguyproductions.ticktrack.SoYouADeveloperHuh"
281-->src\main\AndroidManifest.xml:264:13-61
282            android:screenOrientation="portrait" />
282-->src\main\AndroidManifest.xml:265:13-49
283        <activity
283-->src\main\AndroidManifest.xml:266:9-269:52
284            android:name="com.theflopguyproductions.ticktrack.settings.SettingsActivity"
284-->src\main\AndroidManifest.xml:267:13-54
285            android:label="@string/title_activity_settings"
285-->src\main\AndroidManifest.xml:268:13-60
286            android:screenOrientation="portrait" />
286-->src\main\AndroidManifest.xml:269:13-49
287        <activity
287-->src\main\AndroidManifest.xml:270:9-273:52
288            android:name="com.theflopguyproductions.ticktrack.contributors.ContributorsActivity"
288-->src\main\AndroidManifest.xml:271:13-62
289            android:label="ContributorsActivity"
289-->src\main\AndroidManifest.xml:272:13-49
290            android:screenOrientation="portrait" />
290-->src\main\AndroidManifest.xml:273:13-49
291        <activity
291-->src\main\AndroidManifest.xml:274:9-292:20
292            android:name="com.theflopguyproductions.ticktrack.SoYouADeveloperHuh"
292-->src\main\AndroidManifest.xml:275:13-47
293            android:exported="true"
293-->src\main\AndroidManifest.xml:278:13-36
294            android:label="@string/title_activity_so_you_a_developer_huh"
294-->src\main\AndroidManifest.xml:276:13-74
295            android:screenOrientation="portrait" >
295-->src\main\AndroidManifest.xml:277:13-49
296            <intent-filter>
296-->src\main\AndroidManifest.xml:279:13-282:29
297                <action android:name="android.intent.action.MAIN" />
297-->src\main\AndroidManifest.xml:280:17-69
297-->src\main\AndroidManifest.xml:280:25-66
298
299                <category android:name="android.intent.category.LAUNCHER" />
299-->src\main\AndroidManifest.xml:281:17-77
299-->src\main\AndroidManifest.xml:281:27-74
300            </intent-filter>
301            <intent-filter>
301-->src\main\AndroidManifest.xml:283:13-287:29
302                <action android:name="SoYouADeveloperHuh" />
302-->src\main\AndroidManifest.xml:284:17-61
302-->src\main\AndroidManifest.xml:284:25-58
303
304                <category android:name="android.intent.category.DEFAULT" />
304-->src\main\AndroidManifest.xml:286:17-76
304-->src\main\AndroidManifest.xml:286:27-73
305            </intent-filter>
306
307            <meta-data
307-->src\main\AndroidManifest.xml:289:13-291:62
308                android:name="android.app.shortcuts"
308-->src\main\AndroidManifest.xml:290:17-53
309                android:resource="@xml/ticktrack_shortcut" />
309-->src\main\AndroidManifest.xml:291:17-59
310        </activity>
311
312        <receiver
312-->src\main\AndroidManifest.xml:294:9-301:20
313            android:name="com.theflopguyproductions.ticktrack.timer.receivers.TimerBroadcastReceiver"
313-->src\main\AndroidManifest.xml:294:19-73
314            android:enabled="true"
314-->src\main\AndroidManifest.xml:295:13-35
315            android:exported="true" >
315-->src\main\AndroidManifest.xml:296:13-36
316            <intent-filter>
316-->src\main\AndroidManifest.xml:297:13-300:29
317                <action android:name="ACTION_TIMER_BROADCAST" />
317-->src\main\AndroidManifest.xml:298:17-65
317-->src\main\AndroidManifest.xml:298:25-62
318                <action android:name="ACTION_QUICK_TIMER_BROADCAST" />
318-->src\main\AndroidManifest.xml:299:17-71
318-->src\main\AndroidManifest.xml:299:25-68
319            </intent-filter>
320        </receiver>
321
322        <service
322-->src\main\AndroidManifest.xml:303:9-307:40
323            android:name="com.theflopguyproductions.ticktrack.counter.notification.CounterNotificationService"
323-->src\main\AndroidManifest.xml:304:13-76
324            android:directBootAware="true"
324-->src\main\AndroidManifest.xml:305:13-43
325            android:enabled="true"
325-->src\main\AndroidManifest.xml:306:13-35
326            android:exported="false" />
326-->src\main\AndroidManifest.xml:307:13-37
327        <service
327-->[com.google.firebase:firebase-firestore:24.4.2] AndroidManifest.xml:16:9-22:19
328            android:name="com.google.firebase.components.ComponentDiscoveryService"
328-->[com.google.firebase:firebase-firestore:24.4.2] AndroidManifest.xml:17:13-84
329            android:directBootAware="true"
329-->[com.google.firebase:firebase-common:20.3.0] AndroidManifest.xml:34:13-43
330            android:exported="false" >
330-->[com.google.firebase:firebase-firestore:24.4.2] AndroidManifest.xml:18:13-37
331            <meta-data